<?xml version='1.0' encoding='UTF-8'?>
<testsuite hostname="NAOMI-PC" name="codecs.CodecsSuite" tests="13" errors="0" failures="0" skipped="0" time="0.611" timestamp="2020-04-08T23:34:12">
                     <properties>
      <property name="jline.esc.timeout" value="0"/><property name="java.runtime.name" value="Java(TM) SE Runtime Environment"/><property name="sun.boot.library.path" value="C:\Program Files\Java\jdk1.8.0_181\jre\bin"/><property name="java.vm.version" value="25.181-b13"/><property name="user.country.format" value="ES"/><property name="java.vm.vendor" value="Oracle Corporation"/><property name="java.vendor.url" value="http://java.oracle.com/"/><property name="path.separator" value=";"/><property name="jna.loaded" value="true"/><property name="java.vm.name" value="Java HotSpot(TM) 64-Bit Server VM"/><property name="file.encoding.pkg" value="sun.io"/><property name="user.country" value="GB"/><property name="user.script" value=""/><property name="sun.java.launcher" value="SUN_STANDARD"/><property name="sun.os.patch.level" value=""/><property name="jna.nosys" value="true"/><property name="java.vm.specification.name" value="Java Virtual Machine Specification"/><property name="user.dir" value="C:\Users\Naomi\Documents\Spark coursera\codecs"/><property name="java.runtime.version" value="1.8.0_181-b13"/><property name="java.awt.graphicsenv" value="sun.awt.Win32GraphicsEnvironment"/><property name="idea.managed" value="true"/><property name="java.endorsed.dirs" value="C:\Program Files\Java\jdk1.8.0_181\jre\lib\endorsed"/><property name="os.arch" value="amd64"/><property name="java.io.tmpdir" value="C:\Users\Naomi\AppData\Local\Temp\"/><property name="line.separator" value="
"/><property name="java.vm.specification.vendor" value="Oracle Corporation"/><property name="log4j.ignoreTCL" value="true"/><property name="user.variant" value=""/><property name="os.name" value="Windows 10"/><property name="sbt.log.noformat" value="true"/><property name="sun.jnu.encoding" value="Cp1252"/><property name="jnidispatch.path" value="C:\Users\Naomi\AppData\Local\Temp\jna-75034520\jna7007408381900349011.dll"/><property name="java.library.path" value="C:\Program Files\Java\jdk1.8.0_181\bin;C:\WINDOWS\Sun\Java\bin;C:\WINDOWS\system32;C:\WINDOWS;C:\Program Files (x86)\Common Files\Oracle\Java\javapath;C:\Program Files\Docker\Docker\Resources\bin;C:\Perl64\site\bin;C:\Perl64\bin;C:\ProgramData\Oracle\Java\javapath;C:\Program Files\ImageMagick-7.0.7-Q16-HDRI;C:\Windows\system32;C:\Windows;C:\Windows\System32\Wbem;C:\Windows\System32\WindowsPowerShell\v1.0\;C:\Program Files (x86)\NVIDIA Corporation\PhysX\Common;C:\Program Files\Git\cmd;C:\Program Files\TortoiseGit\bin;C:\Go\bin;C:\Program Files (x86)\Calibre2\;C:\WINDOWS\system32;C:\WINDOWS;C:\WINDOWS\System32\Wbem;C:\WINDOWS\System32\WindowsPowerShell\v1.0\;C:\Program Files\nodejs\;C:\Program Files\PuTTY\;C:\WINDOWS\System32\OpenSSH\;C:\HashiCorp\Vagrant\bin;C:\Users\Naomi\AppData\Local\Microsoft\WindowsApps;C:\Users\Naomi\AppData\Roaming\npm;C:\Program Files (x86)\Tesseract-OCR;C:\Users\Naomi\Documents\WindowsPowerShell\Scripts;C:\Program Files (x86)\Kubernetes\Minikube;C:\Program Files (x86)\sbt\bin;%SystemRoot%\system32;%SystemRoot%;%SystemRoot%\System32\Wbem;%SYSTEMROOT%\System32\WindowsPowerShell\v1.0\;%SYSTEMROOT%\System32\OpenSSH\;C:\Users\Naomi\AppData\Local\Microsoft\WindowsApps;C:\Users\Naomi\AppData\Roaming\npm;C:\Program Files (x86)\Tesseract-OCR;C:\Program Files\ImageMagick-7.0.7-Q16-HDRI;C:\Users\Naomi\Documents\WindowsPowerShell\Scripts;C:\Hadoop\bin;;C:\Users\Naomi\AppData\Local\Microsoft\WindowsApps;."/><property name="java.specification.name" value="Java Platform API Specification"/><property name="java.class.version" value="52.0"/><property name="sun.management.compiler" value="HotSpot 64-Bit Tiered Compilers"/><property name="os.version" value="10.0"/><property name="swoval.tmpdir" value="C:\Users\Naomi\.sbt\1.0"/><property name="user.home" value="C:\Users\Naomi"/><property name="user.timezone" value="Europe/Paris"/><property name="java.awt.printerjob" value="sun.awt.windows.WPrinterJob"/><property name="file.encoding" value="UTF-8"/><property name="java.specification.version" value="1.8"/><property name="java.class.path" value="C:\Users\Naomi\.IdeaIC2019.3\config\plugins\Scala\launcher\sbt-launch.jar"/><property name="user.name" value="Naomi"/><property name="jline.shutdownhook" value="false"/><property name="java.vm.specification.version" value="1.8"/><property name="sun.java.command" value="C:\Users\Naomi\.IdeaIC2019.3\config\plugins\Scala\launcher\sbt-launch.jar early(addPluginSbtFile=&quot;&quot;&quot;C:\Users\Naomi\AppData\Local\Temp\idea6.sbt&quot;&quot;&quot;) ; set ideaPort in Global := 53097 ; idea-shell"/><property name="java.home" value="C:\Program Files\Java\jdk1.8.0_181\jre"/><property name="sun.arch.data.model" value="64"/><property name="user.language" value="en"/><property name="java.specification.vendor" value="Oracle Corporation"/><property name="user.language.format" value="es"/><property name="awt.toolkit" value="sun.awt.windows.WToolkit"/><property name="java.vm.info" value="mixed mode"/><property name="java.version" value="1.8.0_181"/><property name="java.ext.dirs" value="C:\Program Files\Java\jdk1.8.0_181\jre\lib\ext;C:\WINDOWS\Sun\Java\lib\ext"/><property name="sun.boot.class.path" value="C:\Program Files\Java\jdk1.8.0_181\jre\lib\resources.jar;C:\Program Files\Java\jdk1.8.0_181\jre\lib\rt.jar;C:\Program Files\Java\jdk1.8.0_181\jre\lib\sunrsasign.jar;C:\Program Files\Java\jdk1.8.0_181\jre\lib\jsse.jar;C:\Program Files\Java\jdk1.8.0_181\jre\lib\jce.jar;C:\Program Files\Java\jdk1.8.0_181\jre\lib\charsets.jar;C:\Program Files\Java\jdk1.8.0_181\jre\lib\jfr.jar;C:\Program Files\Java\jdk1.8.0_181\jre\classes"/><property name="java.vendor" value="Oracle Corporation"/><property name="sun.stderr.encoding" value="cp850"/><property name="file.separator" value="\"/><property name="java.vendor.url.bug" value="http://bugreport.sun.com/bugreport/"/><property name="sbt.supershell" value="false"/><property name="sun.io.unicode.encoding" value="UnicodeLittle"/><property name="sun.cpu.endian" value="little"/><property name="sun.stdout.encoding" value="cp850"/><property name="sun.desktop" value="windows"/><property name="sun.cpu.isalist" value="amd64"/>
    </properties>
                     <testcase classname="codecs.CodecsSuite" name="it is possible to encode and decode 'Int' values (1pt)" time="0.208">
                                                 
                                               </testcase><testcase classname="codecs.CodecsSuite" name="a 'Boolean' value should be encoded as a JSON boolean (1pt)" time="0.001">
                                                 
                                               </testcase><testcase classname="codecs.CodecsSuite" name="it is possible to encode and decode 'Boolean' values (1pt)" time="0.017">
                                                 
                                               </testcase><testcase classname="codecs.CodecsSuite" name="a 'Contacts' value should be encoded as a JSON object (1pt)" time="0.005">
                                                 
                                               </testcase><testcase classname="codecs.CodecsSuite" name="it is possible to encode and decode people (4pts)" time="0.092">
                                                 
                                               </testcase><testcase classname="codecs.CodecsSuite" name="a 'List[A]' value should be encoded as a JSON array (0pts)" time="0.001">
                                                 
                                               </testcase><testcase classname="codecs.CodecsSuite" name="it is possible to encode and decode 'String' values (1pt)" time="0.033">
                                                 
                                               </testcase><testcase classname="codecs.CodecsSuite" name="a 'String' value should be encoded as a JSON string (1pt)" time="0.001">
                                                 
                                               </testcase><testcase classname="codecs.CodecsSuite" name="it is possible to encode and decode the 'Unit' value (0pts)" time="0.006">
                                                 
                                               </testcase><testcase classname="codecs.CodecsSuite" name="a 'Person' value should be encoded as a JSON object (1pt)" time="0.001">
                                                 
                                               </testcase><testcase classname="codecs.CodecsSuite" name="it is possible to encode and decode lists (5pts)" time="0.036">
                                                 
                                               </testcase><testcase classname="codecs.CodecsSuite" name="the 'Int' decoder should reject invalid 'Int' values (2pts)" time="0.0">
                                                 
                                               </testcase><testcase classname="codecs.CodecsSuite" name="it is possible to encode and decode contacts (4pts)" time="0.21">
                                                 
                                               </testcase>
                     <system-out><![CDATA[]]></system-out>
                     <system-err><![CDATA[]]></system-err>
                   </testsuite>